2025-06-12T09:56:15.766+08:00  INFO 6908 --- [clinic-registration] [main] c.e.c.ClinicRegistrationApplication      : Starting ClinicRegistrationApplication using Java 21.0.6 with PID 6908 (E:\WorkSpace\clinic_registration\target\classes started by NTPU in E:\WorkSpace\clinic_registration)
2025-06-12T09:56:15.769+08:00  INFO 6908 --- [clinic-registration] [main] c.e.c.ClinicRegistrationApplication      : No active profile set, falling back to 1 default profile: "default"
2025-06-12T09:56:16.335+08:00  INFO 6908 --- [clinic-registration] [main] .s.d.r.c.RepositoryConfigurationDelegate : Bootstrapping Spring Data JPA repositories in DEFAULT mode.
2025-06-12T09:56:16.383+08:00  INFO 6908 --- [clinic-registration] [main] .s.d.r.c.RepositoryConfigurationDelegate : Finished Spring Data repository scanning in 41 ms. Found 6 JPA repository interfaces.
2025-06-12T09:56:16.691+08:00  INFO 6908 --- [clinic-registration] [main] o.s.b.w.embedded.tomcat.TomcatWebServer  : Tomcat initialized with port 8080 (http)
2025-06-12T09:56:16.701+08:00  INFO 6908 --- [clinic-registration] [main] o.apache.catalina.core.StandardService   : Starting service [Tomcat]
2025-06-12T09:56:16.701+08:00  INFO 6908 --- [clinic-registration] [main] o.apache.catalina.core.StandardEngine    : Starting Servlet engine: [Apache Tomcat/10.1.40]
2025-06-12T09:56:16.736+08:00  INFO 6908 --- [clinic-registration] [main] o.a.c.c.C.[Tomcat].[localhost].[/]       : Initializing Spring embedded WebApplicationContext
2025-06-12T09:56:16.736+08:00  INFO 6908 --- [clinic-registration] [main] w.s.c.ServletWebServerApplicationContext : Root WebApplicationContext: initialization completed in 943 ms
2025-06-12T09:56:16.830+08:00  INFO 6908 --- [clinic-registration] [main] o.hibernate.jpa.internal.util.LogHelper  : HHH000204: Processing PersistenceUnitInfo [name: default]
2025-06-12T09:56:16.873+08:00  INFO 6908 --- [clinic-registration] [main] org.hibernate.Version                    : HHH000412: Hibernate ORM core version 6.6.13.Final
2025-06-12T09:56:16.897+08:00  INFO 6908 --- [clinic-registration] [main] o.h.c.internal.RegionFactoryInitiator    : HHH000026: Second-level cache disabled
2025-06-12T09:56:17.086+08:00  INFO 6908 --- [clinic-registration] [main] o.s.o.j.p.SpringPersistenceUnitInfo      : No LoadTimeWeaver setup: ignoring JPA class transformer
2025-06-12T09:56:17.107+08:00  INFO 6908 --- [clinic-registration] [main] com.zaxxer.hikari.HikariDataSource       : HikariPool-1 - Starting...
2025-06-12T09:56:17.210+08:00  INFO 6908 --- [clinic-registration] [main] com.zaxxer.hikari.pool.HikariPool        : HikariPool-1 - Added connection com.mysql.cj.jdbc.ConnectionImpl@3c544c9
2025-06-12T09:56:17.211+08:00  INFO 6908 --- [clinic-registration] [main] com.zaxxer.hikari.HikariDataSource       : HikariPool-1 - Start completed.
2025-06-12T09:56:17.270+08:00  INFO 6908 --- [clinic-registration] [main] org.hibernate.orm.connections.pooling    : HHH10001005: Database info:
	Database JDBC URL [Connecting through datasource 'HikariDataSource (HikariPool-1)']
	Database driver: undefined/unknown
	Database version: 8.0.34
	Autocommit mode: undefined/unknown
	Isolation level: undefined/unknown
	Minimum pool size: undefined/unknown
	Maximum pool size: undefined/unknown
2025-06-12T09:56:17.822+08:00  INFO 6908 --- [clinic-registration] [main] o.h.e.t.j.p.i.JtaPlatformInitiator       : HHH000489: No JTA platform available (set 'hibernate.transaction.jta.platform' to enable JTA platform integration)
2025-06-12T09:56:17.881+08:00  INFO 6908 --- [clinic-registration] [main] j.LocalContainerEntityManagerFactoryBean : Initialized JPA EntityManagerFactory for persistence unit 'default'
2025-06-12T09:56:18.120+08:00  INFO 6908 --- [clinic-registration] [main] o.s.d.j.r.query.QueryEnhancerFactory     : Hibernate is in classpath; If applicable, HQL parser will be used.
2025-06-12T09:56:18.447+08:00  WARN 6908 --- [clinic-registration] [main] .s.s.UserDetailsServiceAutoConfiguration : 

Using generated security password: 7357ad13-39ad-4a77-b802-a928b15d5080

This generated password is for development use only. Your security configuration must be updated before running your application in production.

2025-06-12T09:56:18.460+08:00  INFO 6908 --- [clinic-registration] [main] r$InitializeUserDetailsManagerConfigurer : Global AuthenticationManager configured with UserDetailsService bean with name inMemoryUserDetailsManager
2025-06-12T09:56:18.756+08:00  INFO 6908 --- [clinic-registration] [main] o.s.b.w.embedded.tomcat.TomcatWebServer  : Tomcat started on port 8080 (http) with context path '/'
2025-06-12T09:56:18.759+08:00  INFO 6908 --- [clinic-registration] [main] c.e.c.ClinicRegistrationApplication      : Started ClinicRegistrationApplication in 3.244 seconds (process running for 3.647)
2025-06-12T09:56:45.327+08:00  INFO 6908 --- [clinic-registration] [http-nio-8080-exec-1] o.a.c.c.C.[Tomcat].[localhost].[/]       : Initializing Spring DispatcherServlet 'dispatcherServlet'
2025-06-12T09:56:45.328+08:00  INFO 6908 --- [clinic-registration] [http-nio-8080-exec-1] o.s.web.servlet.DispatcherServlet        : Initializing Servlet 'dispatcherServlet'
2025-06-12T09:56:45.329+08:00  INFO 6908 --- [clinic-registration] [http-nio-8080-exec-1] o.s.web.servlet.DispatcherServlet        : Completed initialization in 1 ms
2025-06-12T10:02:18.512+08:00  INFO 6908 --- [clinic-registration] [RMI TCP Connection(14)-127.0.0.1] inMXBeanRegistrar$SpringApplicationAdmin : Application shutdown requested.
2025-06-12T10:02:18.513+08:00  INFO 6908 --- [clinic-registration] [RMI TCP Connection(14)-127.0.0.1] o.s.b.w.e.tomcat.GracefulShutdown        : Commencing graceful shutdown. Waiting for active requests to complete
2025-06-12T10:02:18.516+08:00  INFO 6908 --- [clinic-registration] [tomcat-shutdown] o.s.b.w.e.tomcat.GracefulShutdown        : Graceful shutdown complete
2025-06-12T10:02:18.518+08:00  INFO 6908 --- [clinic-registration] [RMI TCP Connection(14)-127.0.0.1] j.LocalContainerEntityManagerFactoryBean : Closing JPA EntityManagerFactory for persistence unit 'default'
2025-06-12T10:02:18.520+08:00  INFO 6908 --- [clinic-registration] [RMI TCP Connection(14)-127.0.0.1] com.zaxxer.hikari.HikariDataSource       : HikariPool-1 - Shutdown initiated...
2025-06-12T10:02:18.523+08:00  INFO 6908 --- [clinic-registration] [RMI TCP Connection(14)-127.0.0.1] com.zaxxer.hikari.HikariDataSource       : HikariPool-1 - Shutdown completed.
2025-06-12T10:02:28.550+08:00  INFO 12808 --- [clinic-registration] [main] c.e.c.ClinicRegistrationApplication      : Starting ClinicRegistrationApplication using Java 21.0.6 with PID 12808 (E:\WorkSpace\clinic_registration\target\classes started by NTPU in E:\WorkSpace\clinic_registration)
2025-06-12T10:02:28.551+08:00  INFO 12808 --- [clinic-registration] [main] c.e.c.ClinicRegistrationApplication      : No active profile set, falling back to 1 default profile: "default"
2025-06-12T10:02:28.896+08:00  INFO 12808 --- [clinic-registration] [main] .s.d.r.c.RepositoryConfigurationDelegate : Bootstrapping Spring Data JPA repositories in DEFAULT mode.
2025-06-12T10:02:28.937+08:00  INFO 12808 --- [clinic-registration] [main] .s.d.r.c.RepositoryConfigurationDelegate : Finished Spring Data repository scanning in 35 ms. Found 6 JPA repository interfaces.
2025-06-12T10:02:29.204+08:00  INFO 12808 --- [clinic-registration] [main] o.s.b.w.embedded.tomcat.TomcatWebServer  : Tomcat initialized with port 8080 (http)
2025-06-12T10:02:29.212+08:00  INFO 12808 --- [clinic-registration] [main] o.apache.catalina.core.StandardService   : Starting service [Tomcat]
2025-06-12T10:02:29.212+08:00  INFO 12808 --- [clinic-registration] [main] o.apache.catalina.core.StandardEngine    : Starting Servlet engine: [Apache Tomcat/10.1.40]
2025-06-12T10:02:29.237+08:00  INFO 12808 --- [clinic-registration] [main] o.a.c.c.C.[Tomcat].[localhost].[/]       : Initializing Spring embedded WebApplicationContext
2025-06-12T10:02:29.237+08:00  INFO 12808 --- [clinic-registration] [main] w.s.c.ServletWebServerApplicationContext : Root WebApplicationContext: initialization completed in 664 ms
2025-06-12T10:02:29.315+08:00  INFO 12808 --- [clinic-registration] [main] o.hibernate.jpa.internal.util.LogHelper  : HHH000204: Processing PersistenceUnitInfo [name: default]
2025-06-12T10:02:29.341+08:00  INFO 12808 --- [clinic-registration] [main] org.hibernate.Version                    : HHH000412: Hibernate ORM core version 6.6.13.Final
2025-06-12T10:02:29.357+08:00  INFO 12808 --- [clinic-registration] [main] o.h.c.internal.RegionFactoryInitiator    : HHH000026: Second-level cache disabled
2025-06-12T10:02:29.500+08:00  INFO 12808 --- [clinic-registration] [main] o.s.o.j.p.SpringPersistenceUnitInfo      : No LoadTimeWeaver setup: ignoring JPA class transformer
2025-06-12T10:02:29.516+08:00  INFO 12808 --- [clinic-registration] [main] com.zaxxer.hikari.HikariDataSource       : HikariPool-1 - Starting...
2025-06-12T10:02:29.601+08:00  INFO 12808 --- [clinic-registration] [main] com.zaxxer.hikari.pool.HikariPool        : HikariPool-1 - Added connection com.mysql.cj.jdbc.ConnectionImpl@2d47b06
2025-06-12T10:02:29.602+08:00  INFO 12808 --- [clinic-registration] [main] com.zaxxer.hikari.HikariDataSource       : HikariPool-1 - Start completed.
2025-06-12T10:02:29.643+08:00  INFO 12808 --- [clinic-registration] [main] org.hibernate.orm.connections.pooling    : HHH10001005: Database info:
	Database JDBC URL [Connecting through datasource 'HikariDataSource (HikariPool-1)']
	Database driver: undefined/unknown
	Database version: 8.0.34
	Autocommit mode: undefined/unknown
	Isolation level: undefined/unknown
	Minimum pool size: undefined/unknown
	Maximum pool size: undefined/unknown
2025-06-12T10:02:30.117+08:00  INFO 12808 --- [clinic-registration] [main] o.h.e.t.j.p.i.JtaPlatformInitiator       : HHH000489: No JTA platform available (set 'hibernate.transaction.jta.platform' to enable JTA platform integration)
2025-06-12T10:02:30.155+08:00  INFO 12808 --- [clinic-registration] [main] j.LocalContainerEntityManagerFactoryBean : Initialized JPA EntityManagerFactory for persistence unit 'default'
2025-06-12T10:02:30.358+08:00  INFO 12808 --- [clinic-registration] [main] o.s.d.j.r.query.QueryEnhancerFactory     : Hibernate is in classpath; If applicable, HQL parser will be used.
2025-06-12T10:02:30.639+08:00  WARN 12808 --- [clinic-registration] [main] .s.s.UserDetailsServiceAutoConfiguration : 

Using generated security password: a9446b13-713e-4af8-b6e1-86b19ac241c3

This generated password is for development use only. Your security configuration must be updated before running your application in production.

2025-06-12T10:02:30.651+08:00  INFO 12808 --- [clinic-registration] [main] r$InitializeUserDetailsManagerConfigurer : Global AuthenticationManager configured with UserDetailsService bean with name inMemoryUserDetailsManager
2025-06-12T10:02:30.921+08:00  INFO 12808 --- [clinic-registration] [main] o.s.b.w.embedded.tomcat.TomcatWebServer  : Tomcat started on port 8080 (http) with context path '/'
2025-06-12T10:02:30.925+08:00  INFO 12808 --- [clinic-registration] [main] c.e.c.ClinicRegistrationApplication      : Started ClinicRegistrationApplication in 2.576 seconds (process running for 2.873)
2025-06-12T10:03:09.297+08:00  INFO 12808 --- [clinic-registration] [http-nio-8080-exec-1] o.a.c.c.C.[Tomcat].[localhost].[/]       : Initializing Spring DispatcherServlet 'dispatcherServlet'
2025-06-12T10:03:09.297+08:00  INFO 12808 --- [clinic-registration] [http-nio-8080-exec-1] o.s.web.servlet.DispatcherServlet        : Initializing Servlet 'dispatcherServlet'
2025-06-12T10:03:09.298+08:00  INFO 12808 --- [clinic-registration] [http-nio-8080-exec-1] o.s.web.servlet.DispatcherServlet        : Completed initialization in 1 ms
2025-06-12T11:19:18.091+08:00  INFO 12808 --- [clinic-registration] [RMI TCP Connection(87)-127.0.0.1] inMXBeanRegistrar$SpringApplicationAdmin : Application shutdown requested.
2025-06-12T11:19:18.094+08:00  INFO 12808 --- [clinic-registration] [RMI TCP Connection(87)-127.0.0.1] o.s.b.w.e.tomcat.GracefulShutdown        : Commencing graceful shutdown. Waiting for active requests to complete
2025-06-12T11:19:18.096+08:00  INFO 12808 --- [clinic-registration] [tomcat-shutdown] o.s.b.w.e.tomcat.GracefulShutdown        : Graceful shutdown complete
2025-06-12T11:19:18.099+08:00  INFO 12808 --- [clinic-registration] [RMI TCP Connection(87)-127.0.0.1] j.LocalContainerEntityManagerFactoryBean : Closing JPA EntityManagerFactory for persistence unit 'default'
2025-06-12T11:19:18.100+08:00  INFO 12808 --- [clinic-registration] [RMI TCP Connection(87)-127.0.0.1] com.zaxxer.hikari.HikariDataSource       : HikariPool-1 - Shutdown initiated...
2025-06-12T11:19:18.101+08:00  INFO 12808 --- [clinic-registration] [RMI TCP Connection(87)-127.0.0.1] com.zaxxer.hikari.HikariDataSource       : HikariPool-1 - Shutdown completed.
2025-06-12T11:19:19.481+08:00  INFO 12060 --- [clinic-registration] [main] c.e.c.ClinicRegistrationApplication      : Starting ClinicRegistrationApplication using Java 21.0.6 with PID 12060 (E:\WorkSpace\clinic_registration\target\classes started by NTPU in E:\WorkSpace\clinic_registration)
2025-06-12T11:19:19.482+08:00  INFO 12060 --- [clinic-registration] [main] c.e.c.ClinicRegistrationApplication      : No active profile set, falling back to 1 default profile: "default"
2025-06-12T11:19:19.842+08:00  INFO 12060 --- [clinic-registration] [main] .s.d.r.c.RepositoryConfigurationDelegate : Bootstrapping Spring Data JPA repositories in DEFAULT mode.
2025-06-12T11:19:19.883+08:00  INFO 12060 --- [clinic-registration] [main] .s.d.r.c.RepositoryConfigurationDelegate : Finished Spring Data repository scanning in 36 ms. Found 6 JPA repository interfaces.
2025-06-12T11:19:20.162+08:00  INFO 12060 --- [clinic-registration] [main] o.s.b.w.embedded.tomcat.TomcatWebServer  : Tomcat initialized with port 8080 (http)
2025-06-12T11:19:20.170+08:00  INFO 12060 --- [clinic-registration] [main] o.apache.catalina.core.StandardService   : Starting service [Tomcat]
2025-06-12T11:19:20.170+08:00  INFO 12060 --- [clinic-registration] [main] o.apache.catalina.core.StandardEngine    : Starting Servlet engine: [Apache Tomcat/10.1.40]
2025-06-12T11:19:20.196+08:00  INFO 12060 --- [clinic-registration] [main] o.a.c.c.C.[Tomcat].[localhost].[/]       : Initializing Spring embedded WebApplicationContext
2025-06-12T11:19:20.197+08:00  INFO 12060 --- [clinic-registration] [main] w.s.c.ServletWebServerApplicationContext : Root WebApplicationContext: initialization completed in 693 ms
2025-06-12T11:19:20.279+08:00  INFO 12060 --- [clinic-registration] [main] o.hibernate.jpa.internal.util.LogHelper  : HHH000204: Processing PersistenceUnitInfo [name: default]
2025-06-12T11:19:20.305+08:00  INFO 12060 --- [clinic-registration] [main] org.hibernate.Version                    : HHH000412: Hibernate ORM core version 6.6.13.Final
2025-06-12T11:19:20.323+08:00  INFO 12060 --- [clinic-registration] [main] o.h.c.internal.RegionFactoryInitiator    : HHH000026: Second-level cache disabled
2025-06-12T11:19:20.469+08:00  INFO 12060 --- [clinic-registration] [main] o.s.o.j.p.SpringPersistenceUnitInfo      : No LoadTimeWeaver setup: ignoring JPA class transformer
2025-06-12T11:19:20.485+08:00  INFO 12060 --- [clinic-registration] [main] com.zaxxer.hikari.HikariDataSource       : HikariPool-1 - Starting...
2025-06-12T11:19:20.573+08:00  INFO 12060 --- [clinic-registration] [main] com.zaxxer.hikari.pool.HikariPool        : HikariPool-1 - Added connection com.mysql.cj.jdbc.ConnectionImpl@3f9f8d23
2025-06-12T11:19:20.574+08:00  INFO 12060 --- [clinic-registration] [main] com.zaxxer.hikari.HikariDataSource       : HikariPool-1 - Start completed.
2025-06-12T11:19:20.617+08:00  INFO 12060 --- [clinic-registration] [main] org.hibernate.orm.connections.pooling    : HHH10001005: Database info:
	Database JDBC URL [Connecting through datasource 'HikariDataSource (HikariPool-1)']
	Database driver: undefined/unknown
	Database version: 8.0.34
	Autocommit mode: undefined/unknown
	Isolation level: undefined/unknown
	Minimum pool size: undefined/unknown
	Maximum pool size: undefined/unknown
2025-06-12T11:19:21.109+08:00  INFO 12060 --- [clinic-registration] [main] o.h.e.t.j.p.i.JtaPlatformInitiator       : HHH000489: No JTA platform available (set 'hibernate.transaction.jta.platform' to enable JTA platform integration)
2025-06-12T11:19:21.147+08:00  INFO 12060 --- [clinic-registration] [main] j.LocalContainerEntityManagerFactoryBean : Initialized JPA EntityManagerFactory for persistence unit 'default'
2025-06-12T11:19:21.352+08:00  INFO 12060 --- [clinic-registration] [main] o.s.d.j.r.query.QueryEnhancerFactory     : Hibernate is in classpath; If applicable, HQL parser will be used.
2025-06-12T11:19:21.635+08:00  WARN 12060 --- [clinic-registration] [main] .s.s.UserDetailsServiceAutoConfiguration : 

Using generated security password: 675d251c-5500-4996-b872-3ce7adf3d93f

This generated password is for development use only. Your security configuration must be updated before running your application in production.

2025-06-12T11:19:21.647+08:00  INFO 12060 --- [clinic-registration] [main] r$InitializeUserDetailsManagerConfigurer : Global AuthenticationManager configured with UserDetailsService bean with name inMemoryUserDetailsManager
2025-06-12T11:19:21.917+08:00  INFO 12060 --- [clinic-registration] [main] o.s.b.w.embedded.tomcat.TomcatWebServer  : Tomcat started on port 8080 (http) with context path '/'
2025-06-12T11:19:21.921+08:00  INFO 12060 --- [clinic-registration] [main] c.e.c.ClinicRegistrationApplication      : Started ClinicRegistrationApplication in 2.655 seconds (process running for 2.96)
2025-06-12T11:19:24.472+08:00  INFO 12060 --- [clinic-registration] [http-nio-8080-exec-1] o.a.c.c.C.[Tomcat].[localhost].[/]       : Initializing Spring DispatcherServlet 'dispatcherServlet'
2025-06-12T11:19:24.472+08:00  INFO 12060 --- [clinic-registration] [http-nio-8080-exec-1] o.s.web.servlet.DispatcherServlet        : Initializing Servlet 'dispatcherServlet'
2025-06-12T11:19:24.473+08:00  INFO 12060 --- [clinic-registration] [http-nio-8080-exec-1] o.s.web.servlet.DispatcherServlet        : Completed initialization in 1 ms
2025-06-12T11:42:20.821+08:00  INFO 12060 --- [clinic-registration] [RMI TCP Connection(32)-127.0.0.1] inMXBeanRegistrar$SpringApplicationAdmin : Application shutdown requested.
2025-06-12T11:42:20.823+08:00  INFO 12060 --- [clinic-registration] [RMI TCP Connection(32)-127.0.0.1] o.s.b.w.e.tomcat.GracefulShutdown        : Commencing graceful shutdown. Waiting for active requests to complete
2025-06-12T11:42:20.825+08:00  INFO 12060 --- [clinic-registration] [tomcat-shutdown] o.s.b.w.e.tomcat.GracefulShutdown        : Graceful shutdown complete
2025-06-12T11:42:20.828+08:00  INFO 12060 --- [clinic-registration] [RMI TCP Connection(32)-127.0.0.1] j.LocalContainerEntityManagerFactoryBean : Closing JPA EntityManagerFactory for persistence unit 'default'
2025-06-12T11:42:20.829+08:00  INFO 12060 --- [clinic-registration] [RMI TCP Connection(32)-127.0.0.1] com.zaxxer.hikari.HikariDataSource       : HikariPool-1 - Shutdown initiated...
2025-06-12T11:42:20.833+08:00  INFO 12060 --- [clinic-registration] [RMI TCP Connection(32)-127.0.0.1] com.zaxxer.hikari.HikariDataSource       : HikariPool-1 - Shutdown completed.
2025-06-12T11:42:22.068+08:00  INFO 13152 --- [clinic-registration] [main] c.e.c.ClinicRegistrationApplication      : Starting ClinicRegistrationApplication using Java 21.0.6 with PID 13152 (E:\WorkSpace\clinic_registration\target\classes started by NTPU in E:\WorkSpace\clinic_registration)
2025-06-12T11:42:22.069+08:00  INFO 13152 --- [clinic-registration] [main] c.e.c.ClinicRegistrationApplication      : No active profile set, falling back to 1 default profile: "default"
2025-06-12T11:42:22.413+08:00  INFO 13152 --- [clinic-registration] [main] .s.d.r.c.RepositoryConfigurationDelegate : Bootstrapping Spring Data JPA repositories in DEFAULT mode.
2025-06-12T11:42:22.453+08:00  INFO 13152 --- [clinic-registration] [main] .s.d.r.c.RepositoryConfigurationDelegate : Finished Spring Data repository scanning in 35 ms. Found 6 JPA repository interfaces.
2025-06-12T11:42:22.726+08:00  INFO 13152 --- [clinic-registration] [main] o.s.b.w.embedded.tomcat.TomcatWebServer  : Tomcat initialized with port 8080 (http)
2025-06-12T11:42:22.734+08:00  INFO 13152 --- [clinic-registration] [main] o.apache.catalina.core.StandardService   : Starting service [Tomcat]
2025-06-12T11:42:22.735+08:00  INFO 13152 --- [clinic-registration] [main] o.apache.catalina.core.StandardEngine    : Starting Servlet engine: [Apache Tomcat/10.1.40]
2025-06-12T11:42:22.761+08:00  INFO 13152 --- [clinic-registration] [main] o.a.c.c.C.[Tomcat].[localhost].[/]       : Initializing Spring embedded WebApplicationContext
2025-06-12T11:42:22.761+08:00  INFO 13152 --- [clinic-registration] [main] w.s.c.ServletWebServerApplicationContext : Root WebApplicationContext: initialization completed in 671 ms
2025-06-12T11:42:22.846+08:00  INFO 13152 --- [clinic-registration] [main] o.hibernate.jpa.internal.util.LogHelper  : HHH000204: Processing PersistenceUnitInfo [name: default]
2025-06-12T11:42:22.873+08:00  INFO 13152 --- [clinic-registration] [main] org.hibernate.Version                    : HHH000412: Hibernate ORM core version 6.6.13.Final
2025-06-12T11:42:22.891+08:00  INFO 13152 --- [clinic-registration] [main] o.h.c.internal.RegionFactoryInitiator    : HHH000026: Second-level cache disabled
2025-06-12T11:42:23.038+08:00  INFO 13152 --- [clinic-registration] [main] o.s.o.j.p.SpringPersistenceUnitInfo      : No LoadTimeWeaver setup: ignoring JPA class transformer
2025-06-12T11:42:23.054+08:00  INFO 13152 --- [clinic-registration] [main] com.zaxxer.hikari.HikariDataSource       : HikariPool-1 - Starting...
2025-06-12T11:42:23.143+08:00  INFO 13152 --- [clinic-registration] [main] com.zaxxer.hikari.pool.HikariPool        : HikariPool-1 - Added connection com.mysql.cj.jdbc.ConnectionImpl@1e6d30c0
2025-06-12T11:42:23.144+08:00  INFO 13152 --- [clinic-registration] [main] com.zaxxer.hikari.HikariDataSource       : HikariPool-1 - Start completed.
2025-06-12T11:42:23.187+08:00  INFO 13152 --- [clinic-registration] [main] org.hibernate.orm.connections.pooling    : HHH10001005: Database info:
	Database JDBC URL [Connecting through datasource 'HikariDataSource (HikariPool-1)']
	Database driver: undefined/unknown
	Database version: 8.0.34
	Autocommit mode: undefined/unknown
	Isolation level: undefined/unknown
	Minimum pool size: undefined/unknown
	Maximum pool size: undefined/unknown
2025-06-12T11:42:23.683+08:00  INFO 13152 --- [clinic-registration] [main] o.h.e.t.j.p.i.JtaPlatformInitiator       : HHH000489: No JTA platform available (set 'hibernate.transaction.jta.platform' to enable JTA platform integration)
2025-06-12T11:42:23.721+08:00  INFO 13152 --- [clinic-registration] [main] j.LocalContainerEntityManagerFactoryBean : Initialized JPA EntityManagerFactory for persistence unit 'default'
2025-06-12T11:42:23.929+08:00  INFO 13152 --- [clinic-registration] [main] o.s.d.j.r.query.QueryEnhancerFactory     : Hibernate is in classpath; If applicable, HQL parser will be used.
2025-06-12T11:42:24.223+08:00  WARN 13152 --- [clinic-registration] [main] .s.s.UserDetailsServiceAutoConfiguration : 

Using generated security password: 9b073864-3e18-472a-8994-c9b2348e63ae

This generated password is for development use only. Your security configuration must be updated before running your application in production.

2025-06-12T11:42:24.235+08:00  INFO 13152 --- [clinic-registration] [main] r$InitializeUserDetailsManagerConfigurer : Global AuthenticationManager configured with UserDetailsService bean with name inMemoryUserDetailsManager
2025-06-12T11:42:24.490+08:00  INFO 13152 --- [clinic-registration] [main] o.s.b.w.embedded.tomcat.TomcatWebServer  : Tomcat started on port 8080 (http) with context path '/'
2025-06-12T11:42:24.494+08:00  INFO 13152 --- [clinic-registration] [main] c.e.c.ClinicRegistrationApplication      : Started ClinicRegistrationApplication in 2.629 seconds (process running for 2.933)
2025-06-12T11:42:25.184+08:00  INFO 13152 --- [clinic-registration] [http-nio-8080-exec-1] o.a.c.c.C.[Tomcat].[localhost].[/]       : Initializing Spring DispatcherServlet 'dispatcherServlet'
2025-06-12T11:42:25.184+08:00  INFO 13152 --- [clinic-registration] [http-nio-8080-exec-1] o.s.web.servlet.DispatcherServlet        : Initializing Servlet 'dispatcherServlet'
2025-06-12T11:42:25.185+08:00  INFO 13152 --- [clinic-registration] [http-nio-8080-exec-1] o.s.web.servlet.DispatcherServlet        : Completed initialization in 1 ms
2025-06-12T12:34:15.773+08:00  INFO 13152 --- [clinic-registration] [RMI TCP Connection(61)-127.0.0.1] inMXBeanRegistrar$SpringApplicationAdmin : Application shutdown requested.
2025-06-12T12:34:15.775+08:00  INFO 13152 --- [clinic-registration] [RMI TCP Connection(61)-127.0.0.1] o.s.b.w.e.tomcat.GracefulShutdown        : Commencing graceful shutdown. Waiting for active requests to complete
2025-06-12T12:34:15.777+08:00  INFO 13152 --- [clinic-registration] [tomcat-shutdown] o.s.b.w.e.tomcat.GracefulShutdown        : Graceful shutdown complete
2025-06-12T12:34:15.780+08:00  INFO 13152 --- [clinic-registration] [RMI TCP Connection(61)-127.0.0.1] j.LocalContainerEntityManagerFactoryBean : Closing JPA EntityManagerFactory for persistence unit 'default'
2025-06-12T12:34:15.781+08:00  INFO 13152 --- [clinic-registration] [RMI TCP Connection(61)-127.0.0.1] com.zaxxer.hikari.HikariDataSource       : HikariPool-1 - Shutdown initiated...
2025-06-12T12:34:15.782+08:00  INFO 13152 --- [clinic-registration] [RMI TCP Connection(61)-127.0.0.1] com.zaxxer.hikari.HikariDataSource       : HikariPool-1 - Shutdown completed.
2025-06-12T13:27:18.375+08:00  INFO 5920 --- [clinic-registration] [main] c.e.c.ClinicRegistrationApplication      : Starting ClinicRegistrationApplication using Java 21.0.6 with PID 5920 (E:\WorkSpace\clinic_registration\target\classes started by NTPU in E:\WorkSpace\clinic_registration)
2025-06-12T13:27:18.376+08:00  INFO 5920 --- [clinic-registration] [main] c.e.c.ClinicRegistrationApplication      : No active profile set, falling back to 1 default profile: "default"
2025-06-12T13:27:18.720+08:00  INFO 5920 --- [clinic-registration] [main] .s.d.r.c.RepositoryConfigurationDelegate : Bootstrapping Spring Data JPA repositories in DEFAULT mode.
2025-06-12T13:27:18.761+08:00  INFO 5920 --- [clinic-registration] [main] .s.d.r.c.RepositoryConfigurationDelegate : Finished Spring Data repository scanning in 36 ms. Found 6 JPA repository interfaces.
2025-06-12T13:27:19.028+08:00  INFO 5920 --- [clinic-registration] [main] o.s.b.w.embedded.tomcat.TomcatWebServer  : Tomcat initialized with port 8080 (http)
2025-06-12T13:27:19.036+08:00  INFO 5920 --- [clinic-registration] [main] o.apache.catalina.core.StandardService   : Starting service [Tomcat]
2025-06-12T13:27:19.036+08:00  INFO 5920 --- [clinic-registration] [main] o.apache.catalina.core.StandardEngine    : Starting Servlet engine: [Apache Tomcat/10.1.40]
2025-06-12T13:27:19.062+08:00  INFO 5920 --- [clinic-registration] [main] o.a.c.c.C.[Tomcat].[localhost].[/]       : Initializing Spring embedded WebApplicationContext
2025-06-12T13:27:19.062+08:00  INFO 5920 --- [clinic-registration] [main] w.s.c.ServletWebServerApplicationContext : Root WebApplicationContext: initialization completed in 665 ms
2025-06-12T13:27:19.146+08:00  INFO 5920 --- [clinic-registration] [main] o.hibernate.jpa.internal.util.LogHelper  : HHH000204: Processing PersistenceUnitInfo [name: default]
2025-06-12T13:27:19.173+08:00  INFO 5920 --- [clinic-registration] [main] org.hibernate.Version                    : HHH000412: Hibernate ORM core version 6.6.13.Final
2025-06-12T13:27:19.190+08:00  INFO 5920 --- [clinic-registration] [main] o.h.c.internal.RegionFactoryInitiator    : HHH000026: Second-level cache disabled
2025-06-12T13:27:19.337+08:00  INFO 5920 --- [clinic-registration] [main] o.s.o.j.p.SpringPersistenceUnitInfo      : No LoadTimeWeaver setup: ignoring JPA class transformer
2025-06-12T13:27:19.353+08:00  INFO 5920 --- [clinic-registration] [main] com.zaxxer.hikari.HikariDataSource       : HikariPool-1 - Starting...
2025-06-12T13:27:19.440+08:00  INFO 5920 --- [clinic-registration] [main] com.zaxxer.hikari.pool.HikariPool        : HikariPool-1 - Added connection com.mysql.cj.jdbc.ConnectionImpl@517a46f3
2025-06-12T13:27:19.441+08:00  INFO 5920 --- [clinic-registration] [main] com.zaxxer.hikari.HikariDataSource       : HikariPool-1 - Start completed.
2025-06-12T13:27:19.483+08:00  INFO 5920 --- [clinic-registration] [main] org.hibernate.orm.connections.pooling    : HHH10001005: Database info:
	Database JDBC URL [Connecting through datasource 'HikariDataSource (HikariPool-1)']
	Database driver: undefined/unknown
	Database version: 8.0.34
	Autocommit mode: undefined/unknown
	Isolation level: undefined/unknown
	Minimum pool size: undefined/unknown
	Maximum pool size: undefined/unknown
2025-06-12T13:27:19.963+08:00  INFO 5920 --- [clinic-registration] [main] o.h.e.t.j.p.i.JtaPlatformInitiator       : HHH000489: No JTA platform available (set 'hibernate.transaction.jta.platform' to enable JTA platform integration)
2025-06-12T13:27:20.001+08:00  INFO 5920 --- [clinic-registration] [main] j.LocalContainerEntityManagerFactoryBean : Initialized JPA EntityManagerFactory for persistence unit 'default'
2025-06-12T13:27:20.205+08:00  INFO 5920 --- [clinic-registration] [main] o.s.d.j.r.query.QueryEnhancerFactory     : Hibernate is in classpath; If applicable, HQL parser will be used.
2025-06-12T13:27:20.492+08:00  WARN 5920 --- [clinic-registration] [main] .s.s.UserDetailsServiceAutoConfiguration : 

Using generated security password: 073faa52-571d-41d9-8fcb-cdfa4b0ba0e7

This generated password is for development use only. Your security configuration must be updated before running your application in production.

2025-06-12T13:27:20.505+08:00  INFO 5920 --- [clinic-registration] [main] r$InitializeUserDetailsManagerConfigurer : Global AuthenticationManager configured with UserDetailsService bean with name inMemoryUserDetailsManager
2025-06-12T13:27:20.760+08:00  INFO 5920 --- [clinic-registration] [main] o.s.b.w.embedded.tomcat.TomcatWebServer  : Tomcat started on port 8080 (http) with context path '/'
2025-06-12T13:27:20.764+08:00  INFO 5920 --- [clinic-registration] [main] c.e.c.ClinicRegistrationApplication      : Started ClinicRegistrationApplication in 2.591 seconds (process running for 2.9)
2025-06-12T13:27:21.871+08:00  INFO 5920 --- [clinic-registration] [http-nio-8080-exec-1] o.a.c.c.C.[Tomcat].[localhost].[/]       : Initializing Spring DispatcherServlet 'dispatcherServlet'
2025-06-12T13:27:21.871+08:00  INFO 5920 --- [clinic-registration] [http-nio-8080-exec-1] o.s.web.servlet.DispatcherServlet        : Initializing Servlet 'dispatcherServlet'
2025-06-12T13:27:21.871+08:00  INFO 5920 --- [clinic-registration] [http-nio-8080-exec-1] o.s.web.servlet.DispatcherServlet        : Completed initialization in 0 ms
2025-06-12T13:31:04.371+08:00  INFO 5920 --- [clinic-registration] [RMI TCP Connection(13)-127.0.0.1] inMXBeanRegistrar$SpringApplicationAdmin : Application shutdown requested.
2025-06-12T13:31:04.372+08:00  INFO 5920 --- [clinic-registration] [RMI TCP Connection(13)-127.0.0.1] o.s.b.w.e.tomcat.GracefulShutdown        : Commencing graceful shutdown. Waiting for active requests to complete
2025-06-12T13:31:04.374+08:00  INFO 5920 --- [clinic-registration] [tomcat-shutdown] o.s.b.w.e.tomcat.GracefulShutdown        : Graceful shutdown complete
2025-06-12T13:31:04.377+08:00  INFO 5920 --- [clinic-registration] [RMI TCP Connection(13)-127.0.0.1] j.LocalContainerEntityManagerFactoryBean : Closing JPA EntityManagerFactory for persistence unit 'default'
2025-06-12T13:31:04.378+08:00  INFO 5920 --- [clinic-registration] [RMI TCP Connection(13)-127.0.0.1] com.zaxxer.hikari.HikariDataSource       : HikariPool-1 - Shutdown initiated...
2025-06-12T13:31:04.381+08:00  INFO 5920 --- [clinic-registration] [RMI TCP Connection(13)-127.0.0.1] com.zaxxer.hikari.HikariDataSource       : HikariPool-1 - Shutdown completed.
2025-06-12T13:31:05.594+08:00  INFO 10472 --- [clinic-registration] [main] c.e.c.ClinicRegistrationApplication      : Starting ClinicRegistrationApplication using Java 21.0.6 with PID 10472 (E:\WorkSpace\clinic_registration\target\classes started by NTPU in E:\WorkSpace\clinic_registration)
2025-06-12T13:31:05.595+08:00  INFO 10472 --- [clinic-registration] [main] c.e.c.ClinicRegistrationApplication      : No active profile set, falling back to 1 default profile: "default"
2025-06-12T13:31:05.940+08:00  INFO 10472 --- [clinic-registration] [main] .s.d.r.c.RepositoryConfigurationDelegate : Bootstrapping Spring Data JPA repositories in DEFAULT mode.
2025-06-12T13:31:05.981+08:00  INFO 10472 --- [clinic-registration] [main] .s.d.r.c.RepositoryConfigurationDelegate : Finished Spring Data repository scanning in 35 ms. Found 6 JPA repository interfaces.
2025-06-12T13:31:06.268+08:00  INFO 10472 --- [clinic-registration] [main] o.s.b.w.embedded.tomcat.TomcatWebServer  : Tomcat initialized with port 8080 (http)
2025-06-12T13:31:06.277+08:00  INFO 10472 --- [clinic-registration] [main] o.apache.catalina.core.StandardService   : Starting service [Tomcat]
2025-06-12T13:31:06.277+08:00  INFO 10472 --- [clinic-registration] [main] o.apache.catalina.core.StandardEngine    : Starting Servlet engine: [Apache Tomcat/10.1.40]
2025-06-12T13:31:06.305+08:00  INFO 10472 --- [clinic-registration] [main] o.a.c.c.C.[Tomcat].[localhost].[/]       : Initializing Spring embedded WebApplicationContext
2025-06-12T13:31:06.305+08:00  INFO 10472 --- [clinic-registration] [main] w.s.c.ServletWebServerApplicationContext : Root WebApplicationContext: initialization completed in 688 ms
2025-06-12T13:31:06.386+08:00  INFO 10472 --- [clinic-registration] [main] o.hibernate.jpa.internal.util.LogHelper  : HHH000204: Processing PersistenceUnitInfo [name: default]
2025-06-12T13:31:06.413+08:00  INFO 10472 --- [clinic-registration] [main] org.hibernate.Version                    : HHH000412: Hibernate ORM core version 6.6.13.Final
2025-06-12T13:31:06.430+08:00  INFO 10472 --- [clinic-registration] [main] o.h.c.internal.RegionFactoryInitiator    : HHH000026: Second-level cache disabled
2025-06-12T13:31:06.574+08:00  INFO 10472 --- [clinic-registration] [main] o.s.o.j.p.SpringPersistenceUnitInfo      : No LoadTimeWeaver setup: ignoring JPA class transformer
2025-06-12T13:31:06.590+08:00  INFO 10472 --- [clinic-registration] [main] com.zaxxer.hikari.HikariDataSource       : HikariPool-1 - Starting...
2025-06-12T13:31:06.681+08:00  INFO 10472 --- [clinic-registration] [main] com.zaxxer.hikari.pool.HikariPool        : HikariPool-1 - Added connection com.mysql.cj.jdbc.ConnectionImpl@7fe87c0e
2025-06-12T13:31:06.682+08:00  INFO 10472 --- [clinic-registration] [main] com.zaxxer.hikari.HikariDataSource       : HikariPool-1 - Start completed.
2025-06-12T13:31:06.724+08:00  INFO 10472 --- [clinic-registration] [main] org.hibernate.orm.connections.pooling    : HHH10001005: Database info:
	Database JDBC URL [Connecting through datasource 'HikariDataSource (HikariPool-1)']
	Database driver: undefined/unknown
	Database version: 8.0.34
	Autocommit mode: undefined/unknown
	Isolation level: undefined/unknown
	Minimum pool size: undefined/unknown
	Maximum pool size: undefined/unknown
2025-06-12T13:31:07.224+08:00  INFO 10472 --- [clinic-registration] [main] o.h.e.t.j.p.i.JtaPlatformInitiator       : HHH000489: No JTA platform available (set 'hibernate.transaction.jta.platform' to enable JTA platform integration)
2025-06-12T13:31:07.271+08:00  INFO 10472 --- [clinic-registration] [main] j.LocalContainerEntityManagerFactoryBean : Initialized JPA EntityManagerFactory for persistence unit 'default'
2025-06-12T13:31:07.483+08:00  INFO 10472 --- [clinic-registration] [main] o.s.d.j.r.query.QueryEnhancerFactory     : Hibernate is in classpath; If applicable, HQL parser will be used.
2025-06-12T13:31:07.771+08:00  WARN 10472 --- [clinic-registration] [main] .s.s.UserDetailsServiceAutoConfiguration : 

Using generated security password: 0faa0acb-69d6-4370-95fc-9c67de4ad91c

This generated password is for development use only. Your security configuration must be updated before running your application in production.

2025-06-12T13:31:07.783+08:00  INFO 10472 --- [clinic-registration] [main] r$InitializeUserDetailsManagerConfigurer : Global AuthenticationManager configured with UserDetailsService bean with name inMemoryUserDetailsManager
2025-06-12T13:31:07.823+08:00  INFO 10472 --- [clinic-registration] [main] o.s.b.a.w.s.WelcomePageHandlerMapping    : Adding welcome page: class path resource [static/index.html]
2025-06-12T13:31:08.040+08:00  INFO 10472 --- [clinic-registration] [main] o.s.b.w.embedded.tomcat.TomcatWebServer  : Tomcat started on port 8080 (http) with context path '/'
2025-06-12T13:31:08.044+08:00  INFO 10472 --- [clinic-registration] [main] c.e.c.ClinicRegistrationApplication      : Started ClinicRegistrationApplication in 2.65 seconds (process running for 2.95)
2025-06-12T13:31:10.348+08:00  INFO 10472 --- [clinic-registration] [http-nio-8080-exec-1] o.a.c.c.C.[Tomcat].[localhost].[/]       : Initializing Spring DispatcherServlet 'dispatcherServlet'
2025-06-12T13:31:10.349+08:00  INFO 10472 --- [clinic-registration] [http-nio-8080-exec-1] o.s.web.servlet.DispatcherServlet        : Initializing Servlet 'dispatcherServlet'
2025-06-12T13:31:10.349+08:00  INFO 10472 --- [clinic-registration] [http-nio-8080-exec-1] o.s.web.servlet.DispatcherServlet        : Completed initialization in 0 ms
2025-06-12T13:36:27.869+08:00  INFO 10472 --- [clinic-registration] [RMI TCP Connection(13)-127.0.0.1] inMXBeanRegistrar$SpringApplicationAdmin : Application shutdown requested.
2025-06-12T13:36:27.870+08:00  INFO 10472 --- [clinic-registration] [RMI TCP Connection(13)-127.0.0.1] o.s.b.w.e.tomcat.GracefulShutdown        : Commencing graceful shutdown. Waiting for active requests to complete
2025-06-12T13:36:27.873+08:00  INFO 10472 --- [clinic-registration] [tomcat-shutdown] o.s.b.w.e.tomcat.GracefulShutdown        : Graceful shutdown complete
2025-06-12T13:36:27.875+08:00  INFO 10472 --- [clinic-registration] [RMI TCP Connection(13)-127.0.0.1] j.LocalContainerEntityManagerFactoryBean : Closing JPA EntityManagerFactory for persistence unit 'default'
2025-06-12T13:36:27.876+08:00  INFO 10472 --- [clinic-registration] [RMI TCP Connection(13)-127.0.0.1] com.zaxxer.hikari.HikariDataSource       : HikariPool-1 - Shutdown initiated...
2025-06-12T13:36:27.879+08:00  INFO 10472 --- [clinic-registration] [RMI TCP Connection(13)-127.0.0.1] com.zaxxer.hikari.HikariDataSource       : HikariPool-1 - Shutdown completed.
2025-06-12T13:37:19.855+08:00  INFO 8 --- [clinic-registration] [main] c.e.c.ClinicRegistrationApplication      : Starting ClinicRegistrationApplication using Java 21.0.6 with PID 8 (E:\WorkSpace\clinic_registration\target\classes started by NTPU in E:\WorkSpace\clinic_registration)
2025-06-12T13:37:19.856+08:00  INFO 8 --- [clinic-registration] [main] c.e.c.ClinicRegistrationApplication      : No active profile set, falling back to 1 default profile: "default"
2025-06-12T13:37:20.202+08:00  INFO 8 --- [clinic-registration] [main] .s.d.r.c.RepositoryConfigurationDelegate : Bootstrapping Spring Data JPA repositories in DEFAULT mode.
2025-06-12T13:37:20.242+08:00  INFO 8 --- [clinic-registration] [main] .s.d.r.c.RepositoryConfigurationDelegate : Finished Spring Data repository scanning in 35 ms. Found 6 JPA repository interfaces.
2025-06-12T13:37:20.509+08:00  INFO 8 --- [clinic-registration] [main] o.s.b.w.embedded.tomcat.TomcatWebServer  : Tomcat initialized with port 8080 (http)
2025-06-12T13:37:20.517+08:00  INFO 8 --- [clinic-registration] [main] o.apache.catalina.core.StandardService   : Starting service [Tomcat]
2025-06-12T13:37:20.517+08:00  INFO 8 --- [clinic-registration] [main] o.apache.catalina.core.StandardEngine    : Starting Servlet engine: [Apache Tomcat/10.1.40]
2025-06-12T13:37:20.543+08:00  INFO 8 --- [clinic-registration] [main] o.a.c.c.C.[Tomcat].[localhost].[/]       : Initializing Spring embedded WebApplicationContext
2025-06-12T13:37:20.543+08:00  INFO 8 --- [clinic-registration] [main] w.s.c.ServletWebServerApplicationContext : Root WebApplicationContext: initialization completed in 665 ms
2025-06-12T13:37:20.627+08:00  INFO 8 --- [clinic-registration] [main] o.hibernate.jpa.internal.util.LogHelper  : HHH000204: Processing PersistenceUnitInfo [name: default]
2025-06-12T13:37:20.654+08:00  INFO 8 --- [clinic-registration] [main] org.hibernate.Version                    : HHH000412: Hibernate ORM core version 6.6.13.Final
2025-06-12T13:37:20.671+08:00  INFO 8 --- [clinic-registration] [main] o.h.c.internal.RegionFactoryInitiator    : HHH000026: Second-level cache disabled
2025-06-12T13:37:20.818+08:00  INFO 8 --- [clinic-registration] [main] o.s.o.j.p.SpringPersistenceUnitInfo      : No LoadTimeWeaver setup: ignoring JPA class transformer
2025-06-12T13:37:20.835+08:00  INFO 8 --- [clinic-registration] [main] com.zaxxer.hikari.HikariDataSource       : HikariPool-1 - Starting...
2025-06-12T13:37:20.923+08:00  INFO 8 --- [clinic-registration] [main] com.zaxxer.hikari.pool.HikariPool        : HikariPool-1 - Added connection com.mysql.cj.jdbc.ConnectionImpl@87aec6a
2025-06-12T13:37:20.924+08:00  INFO 8 --- [clinic-registration] [main] com.zaxxer.hikari.HikariDataSource       : HikariPool-1 - Start completed.
2025-06-12T13:37:20.967+08:00  INFO 8 --- [clinic-registration] [main] org.hibernate.orm.connections.pooling    : HHH10001005: Database info:
	Database JDBC URL [Connecting through datasource 'HikariDataSource (HikariPool-1)']
	Database driver: undefined/unknown
	Database version: 8.0.34
	Autocommit mode: undefined/unknown
	Isolation level: undefined/unknown
	Minimum pool size: undefined/unknown
	Maximum pool size: undefined/unknown
2025-06-12T13:37:21.456+08:00  INFO 8 --- [clinic-registration] [main] o.h.e.t.j.p.i.JtaPlatformInitiator       : HHH000489: No JTA platform available (set 'hibernate.transaction.jta.platform' to enable JTA platform integration)
2025-06-12T13:37:21.495+08:00  INFO 8 --- [clinic-registration] [main] j.LocalContainerEntityManagerFactoryBean : Initialized JPA EntityManagerFactory for persistence unit 'default'
2025-06-12T13:37:21.700+08:00  INFO 8 --- [clinic-registration] [main] o.s.d.j.r.query.QueryEnhancerFactory     : Hibernate is in classpath; If applicable, HQL parser will be used.
2025-06-12T13:37:21.982+08:00  WARN 8 --- [clinic-registration] [main] .s.s.UserDetailsServiceAutoConfiguration : 

Using generated security password: 2de3f50f-86c0-41fb-b514-b0d4ca431d43

This generated password is for development use only. Your security configuration must be updated before running your application in production.

2025-06-12T13:37:21.993+08:00  INFO 8 --- [clinic-registration] [main] r$InitializeUserDetailsManagerConfigurer : Global AuthenticationManager configured with UserDetailsService bean with name inMemoryUserDetailsManager
2025-06-12T13:37:22.034+08:00  INFO 8 --- [clinic-registration] [main] o.s.b.a.w.s.WelcomePageHandlerMapping    : Adding welcome page: class path resource [static/index.html]
2025-06-12T13:37:22.110+08:00  WARN 8 --- [clinic-registration] [main] ConfigServletWebServerApplicationContext : Exception encountered during context initialization - cancelling refresh attempt: org.springframework.beans.factory.UnsatisfiedDependencyException: Error creating bean with name 'org.springframework.security.config.annotation.web.configuration.WebSecurityConfiguration': Unsatisfied dependency expressed through method 'setFilterChains' parameter 0: Error creating bean with name 'securityFilterChain' defined in class path resource [com/example/clinic/config/SecurityConfig.class]: Failed to instantiate [org.springframework.security.web.SecurityFilterChain]: Factory method 'securityFilterChain' threw exception with message: Unresolved compilation problem: 
	Syntax error, insert ")" to complete MethodInvocation

2025-06-12T13:37:22.110+08:00  INFO 8 --- [clinic-registration] [main] j.LocalContainerEntityManagerFactoryBean : Closing JPA EntityManagerFactory for persistence unit 'default'
2025-06-12T13:37:22.110+08:00  INFO 8 --- [clinic-registration] [main] com.zaxxer.hikari.HikariDataSource       : HikariPool-1 - Shutdown initiated...
2025-06-12T13:37:22.114+08:00  INFO 8 --- [clinic-registration] [main] com.zaxxer.hikari.HikariDataSource       : HikariPool-1 - Shutdown completed.
2025-06-12T13:37:22.116+08:00  INFO 8 --- [clinic-registration] [main] o.apache.catalina.core.StandardService   : Stopping service [Tomcat]
2025-06-12T13:37:22.120+08:00  INFO 8 --- [clinic-registration] [main] .s.b.a.l.ConditionEvaluationReportLogger : 

Error starting ApplicationContext. To display the condition evaluation report re-run your application with 'debug' enabled.
2025-06-12T13:37:22.130+08:00 ERROR 8 --- [clinic-registration] [main] o.s.boot.SpringApplication               : Application run failed

org.springframework.beans.factory.UnsatisfiedDependencyException: Error creating bean with name 'org.springframework.security.config.annotation.web.configuration.WebSecurityConfiguration': Unsatisfied dependency expressed through method 'setFilterChains' parameter 0: Error creating bean with name 'securityFilterChain' defined in class path resource [com/example/clinic/config/SecurityConfig.class]: Failed to instantiate [org.springframework.security.web.SecurityFilterChain]: Factory method 'securityFilterChain' threw exception with message: Unresolved compilation problem: 
	Syntax error, insert ")" to complete MethodInvocation

	at org.springframework.beans.factory.annotation.AutowiredAnnotationBeanPostProcessor$AutowiredMethodElement.resolveMethodArguments(AutowiredAnnotationBeanPostProcessor.java:896) ~[spring-beans-6.2.6.jar:6.2.6]
	at org.springframework.beans.factory.annotation.AutowiredAnnotationBeanPostProcessor$AutowiredMethodElement.inject(AutowiredAnnotationBeanPostProcessor.java:849) ~[spring-beans-6.2.6.jar:6.2.6]
	at org.springframework.beans.factory.annotation.InjectionMetadata.inject(InjectionMetadata.java:146) ~[spring-beans-6.2.6.jar:6.2.6]
	at org.springframework.beans.factory.annotation.AutowiredAnnotationBeanPostProcessor.postProcessProperties(AutowiredAnnotationBeanPostProcessor.java:509) ~[spring-beans-6.2.6.jar:6.2.6]
	at org.springframework.beans.factory.support.AbstractAutowireCapableBeanFactory.populateBean(AbstractAutowireCapableBeanFactory.java:1451) ~[spring-beans-6.2.6.jar:6.2.6]
	at org.springframework.beans.factory.support.AbstractAutowireCapableBeanFactory.doCreateBean(AbstractAutowireCapableBeanFactory.java:606) ~[spring-beans-6.2.6.jar:6.2.6]
	at org.springframework.beans.factory.support.AbstractAutowireCapableBeanFactory.createBean(AbstractAutowireCapableBeanFactory.java:529) ~[spring-beans-6.2.6.jar:6.2.6]
	at org.springframework.beans.factory.support.AbstractBeanFactory.lambda$doGetBean$0(AbstractBeanFactory.java:339) ~[spring-beans-6.2.6.jar:6.2.6]
	at org.springframework.beans.factory.support.DefaultSingletonBeanRegistry.getSingleton(DefaultSingletonBeanRegistry.java:371) ~[spring-beans-6.2.6.jar:6.2.6]
	at org.springframework.beans.factory.support.AbstractBeanFactory.doGetBean(AbstractBeanFactory.java:337) ~[spring-beans-6.2.6.jar:6.2.6]
	at org.springframework.beans.factory.support.AbstractBeanFactory.getBean(AbstractBeanFactory.java:202) ~[spring-beans-6.2.6.jar:6.2.6]
	at org.springframework.beans.factory.support.DefaultListableBeanFactory.instantiateSingleton(DefaultListableBeanFactory.java:1221) ~[spring-beans-6.2.6.jar:6.2.6]
	at org.springframework.beans.factory.support.DefaultListableBeanFactory.preInstantiateSingleton(DefaultListableBeanFactory.java:1187) ~[spring-beans-6.2.6.jar:6.2.6]
	at org.springframework.beans.factory.support.DefaultListableBeanFactory.preInstantiateSingletons(DefaultListableBeanFactory.java:1122) ~[spring-beans-6.2.6.jar:6.2.6]
	at org.springframework.context.support.AbstractApplicationContext.finishBeanFactoryInitialization(AbstractApplicationContext.java:987) ~[spring-context-6.2.6.jar:6.2.6]
	at org.springframework.context.support.AbstractApplicationContext.refresh(AbstractApplicationContext.java:627) ~[spring-context-6.2.6.jar:6.2.6]
	at org.springframework.boot.web.servlet.context.ServletWebServerApplicationContext.refresh(ServletWebServerApplicationContext.java:146) ~[spring-boot-3.4.5.jar:3.4.5]
	at org.springframework.boot.SpringApplication.refresh(SpringApplication.java:753) ~[spring-boot-3.4.5.jar:3.4.5]
	at org.springframework.boot.SpringApplication.refreshContext(SpringApplication.java:439) ~[spring-boot-3.4.5.jar:3.4.5]
	at org.springframework.boot.SpringApplication.run(SpringApplication.java:318) ~[spring-boot-3.4.5.jar:3.4.5]
	at org.springframework.boot.SpringApplication.run(SpringApplication.java:1362) ~[spring-boot-3.4.5.jar:3.4.5]
	at org.springframework.boot.SpringApplication.run(SpringApplication.java:1351) ~[spring-boot-3.4.5.jar:3.4.5]
	at com.example.clinic.ClinicRegistrationApplication.main(ClinicRegistrationApplication.java:10) ~[classes/:na]
Caused by: org.springframework.beans.factory.BeanCreationException: Error creating bean with name 'securityFilterChain' defined in class path resource [com/example/clinic/config/SecurityConfig.class]: Failed to instantiate [org.springframework.security.web.SecurityFilterChain]: Factory method 'securityFilterChain' threw exception with message: Unresolved compilation problem: 
	Syntax error, insert ")" to complete MethodInvocation

	at org.springframework.beans.factory.support.ConstructorResolver.instantiate(ConstructorResolver.java:657) ~[spring-beans-6.2.6.jar:6.2.6]
	at org.springframework.beans.factory.support.ConstructorResolver.instantiateUsingFactoryMethod(ConstructorResolver.java:645) ~[spring-beans-6.2.6.jar:6.2.6]
	at org.springframework.beans.factory.support.AbstractAutowireCapableBeanFactory.instantiateUsingFactoryMethod(AbstractAutowireCapableBeanFactory.java:1367) ~[spring-beans-6.2.6.jar:6.2.6]
	at org.springframework.beans.factory.support.AbstractAutowireCapableBeanFactory.createBeanInstance(AbstractAutowireCapableBeanFactory.java:1197) ~[spring-beans-6.2.6.jar:6.2.6]
	at org.springframework.beans.factory.support.AbstractAutowireCapableBeanFactory.doCreateBean(AbstractAutowireCapableBeanFactory.java:569) ~[spring-beans-6.2.6.jar:6.2.6]
	at org.springframework.beans.factory.support.AbstractAutowireCapableBeanFactory.createBean(AbstractAutowireCapableBeanFactory.java:529) ~[spring-beans-6.2.6.jar:6.2.6]
	at org.springframework.beans.factory.support.AbstractBeanFactory.lambda$doGetBean$0(AbstractBeanFactory.java:339) ~[spring-beans-6.2.6.jar:6.2.6]
	at org.springframework.beans.factory.support.DefaultSingletonBeanRegistry.getSingleton(DefaultSingletonBeanRegistry.java:371) ~[spring-beans-6.2.6.jar:6.2.6]
	at org.springframework.beans.factory.support.AbstractBeanFactory.doGetBean(AbstractBeanFactory.java:337) ~[spring-beans-6.2.6.jar:6.2.6]
	at org.springframework.beans.factory.support.AbstractBeanFactory.getBean(AbstractBeanFactory.java:202) ~[spring-beans-6.2.6.jar:6.2.6]
	at org.springframework.beans.factory.config.DependencyDescriptor.resolveCandidate(DependencyDescriptor.java:254) ~[spring-beans-6.2.6.jar:6.2.6]
	at org.springframework.beans.factory.support.DefaultListableBeanFactory.addCandidateEntry(DefaultListableBeanFactory.java:1991) ~[spring-beans-6.2.6.jar:6.2.6]
	at org.springframework.beans.factory.support.DefaultListableBeanFactory.findAutowireCandidates(DefaultListableBeanFactory.java:1955) ~[spring-beans-6.2.6.jar:6.2.6]
	at org.springframework.beans.factory.support.DefaultListableBeanFactory.resolveMultipleBeanCollection(DefaultListableBeanFactory.java:1845) ~[spring-beans-6.2.6.jar:6.2.6]
	at org.springframework.beans.factory.support.DefaultListableBeanFactory.resolveMultipleBeans(DefaultListableBeanFactory.java:1813) ~[spring-beans-6.2.6.jar:6.2.6]
	at org.springframework.beans.factory.support.DefaultListableBeanFactory.doResolveDependency(DefaultListableBeanFactory.java:1688) ~[spring-beans-6.2.6.jar:6.2.6]
	at org.springframework.beans.factory.support.DefaultListableBeanFactory.resolveDependency(DefaultListableBeanFactory.java:1627) ~[spring-beans-6.2.6.jar:6.2.6]
	at org.springframework.beans.factory.annotation.AutowiredAnnotationBeanPostProcessor$AutowiredMethodElement.resolveMethodArguments(AutowiredAnnotationBeanPostProcessor.java:888) ~[spring-beans-6.2.6.jar:6.2.6]
	... 22 common frames omitted
Caused by: org.springframework.beans.BeanInstantiationException: Failed to instantiate [org.springframework.security.web.SecurityFilterChain]: Factory method 'securityFilterChain' threw exception with message: Unresolved compilation problem: 
	Syntax error, insert ")" to complete MethodInvocation

	at org.springframework.beans.factory.support.SimpleInstantiationStrategy.lambda$instantiate$0(SimpleInstantiationStrategy.java:199) ~[spring-beans-6.2.6.jar:6.2.6]
	at org.springframework.beans.factory.support.SimpleInstantiationStrategy.instantiateWithFactoryMethod(SimpleInstantiationStrategy.java:88) ~[spring-beans-6.2.6.jar:6.2.6]
	at org.springframework.beans.factory.support.SimpleInstantiationStrategy.instantiate(SimpleInstantiationStrategy.java:168) ~[spring-beans-6.2.6.jar:6.2.6]
	at org.springframework.beans.factory.support.ConstructorResolver.instantiate(ConstructorResolver.java:653) ~[spring-beans-6.2.6.jar:6.2.6]
	... 39 common frames omitted
Caused by: java.lang.Error: Unresolved compilation problem: 
	Syntax error, insert ")" to complete MethodInvocation

	at com.example.clinic.config.SecurityConfig.securityFilterChain(SecurityConfig.java:41) ~[classes/:na]
	at com.example.clinic.config.SecurityConfig$$SpringCGLIB$$0.CGLIB$securityFilterChain$0(<generated>) ~[classes/:na]
	at com.example.clinic.config.SecurityConfig$$SpringCGLIB$$FastClass$$1.invoke(<generated>) ~[classes/:na]
	at org.springframework.cglib.proxy.MethodProxy.invokeSuper(MethodProxy.java:258) ~[spring-core-6.2.6.jar:6.2.6]
	at org.springframework.context.annotation.ConfigurationClassEnhancer$BeanMethodInterceptor.intercept(ConfigurationClassEnhancer.java:393) ~[spring-context-6.2.6.jar:6.2.6]
	at com.example.clinic.config.SecurityConfig$$SpringCGLIB$$0.securityFilterChain(<generated>) ~[classes/:na]
	at java.base/jdk.internal.reflect.DirectMethodHandleAccessor.invoke(DirectMethodHandleAccessor.java:103) ~[na:na]
	at java.base/java.lang.reflect.Method.invoke(Method.java:580) ~[na:na]
	at org.springframework.beans.factory.support.SimpleInstantiationStrategy.lambda$instantiate$0(SimpleInstantiationStrategy.java:171) ~[spring-beans-6.2.6.jar:6.2.6]
	... 42 common frames omitted

2025-06-12T13:37:44.163+08:00  INFO 2504 --- [clinic-registration] [main] c.e.c.ClinicRegistrationApplication      : Starting ClinicRegistrationApplication using Java 21.0.6 with PID 2504 (E:\WorkSpace\clinic_registration\target\classes started by NTPU in E:\WorkSpace\clinic_registration)
2025-06-12T13:37:44.164+08:00  INFO 2504 --- [clinic-registration] [main] c.e.c.ClinicRegistrationApplication      : No active profile set, falling back to 1 default profile: "default"
2025-06-12T13:37:44.508+08:00  INFO 2504 --- [clinic-registration] [main] .s.d.r.c.RepositoryConfigurationDelegate : Bootstrapping Spring Data JPA repositories in DEFAULT mode.
2025-06-12T13:37:44.549+08:00  INFO 2504 --- [clinic-registration] [main] .s.d.r.c.RepositoryConfigurationDelegate : Finished Spring Data repository scanning in 36 ms. Found 6 JPA repository interfaces.
2025-06-12T13:37:44.820+08:00  INFO 2504 --- [clinic-registration] [main] o.s.b.w.embedded.tomcat.TomcatWebServer  : Tomcat initialized with port 8080 (http)
2025-06-12T13:37:44.828+08:00  INFO 2504 --- [clinic-registration] [main] o.apache.catalina.core.StandardService   : Starting service [Tomcat]
2025-06-12T13:37:44.829+08:00  INFO 2504 --- [clinic-registration] [main] o.apache.catalina.core.StandardEngine    : Starting Servlet engine: [Apache Tomcat/10.1.40]
2025-06-12T13:37:44.855+08:00  INFO 2504 --- [clinic-registration] [main] o.a.c.c.C.[Tomcat].[localhost].[/]       : Initializing Spring embedded WebApplicationContext
2025-06-12T13:37:44.855+08:00  INFO 2504 --- [clinic-registration] [main] w.s.c.ServletWebServerApplicationContext : Root WebApplicationContext: initialization completed in 669 ms
2025-06-12T13:37:44.935+08:00  INFO 2504 --- [clinic-registration] [main] o.hibernate.jpa.internal.util.LogHelper  : HHH000204: Processing PersistenceUnitInfo [name: default]
2025-06-12T13:37:44.962+08:00  INFO 2504 --- [clinic-registration] [main] org.hibernate.Version                    : HHH000412: Hibernate ORM core version 6.6.13.Final
2025-06-12T13:37:44.979+08:00  INFO 2504 --- [clinic-registration] [main] o.h.c.internal.RegionFactoryInitiator    : HHH000026: Second-level cache disabled
2025-06-12T13:37:45.124+08:00  INFO 2504 --- [clinic-registration] [main] o.s.o.j.p.SpringPersistenceUnitInfo      : No LoadTimeWeaver setup: ignoring JPA class transformer
2025-06-12T13:37:45.140+08:00  INFO 2504 --- [clinic-registration] [main] com.zaxxer.hikari.HikariDataSource       : HikariPool-1 - Starting...
2025-06-12T13:37:45.226+08:00  INFO 2504 --- [clinic-registration] [main] com.zaxxer.hikari.pool.HikariPool        : HikariPool-1 - Added connection com.mysql.cj.jdbc.ConnectionImpl@517a46f3
2025-06-12T13:37:45.227+08:00  INFO 2504 --- [clinic-registration] [main] com.zaxxer.hikari.HikariDataSource       : HikariPool-1 - Start completed.
2025-06-12T13:37:45.269+08:00  INFO 2504 --- [clinic-registration] [main] org.hibernate.orm.connections.pooling    : HHH10001005: Database info:
	Database JDBC URL [Connecting through datasource 'HikariDataSource (HikariPool-1)']
	Database driver: undefined/unknown
	Database version: 8.0.34
	Autocommit mode: undefined/unknown
	Isolation level: undefined/unknown
	Minimum pool size: undefined/unknown
	Maximum pool size: undefined/unknown
2025-06-12T13:37:45.746+08:00  INFO 2504 --- [clinic-registration] [main] o.h.e.t.j.p.i.JtaPlatformInitiator       : HHH000489: No JTA platform available (set 'hibernate.transaction.jta.platform' to enable JTA platform integration)
2025-06-12T13:37:45.786+08:00  INFO 2504 --- [clinic-registration] [main] j.LocalContainerEntityManagerFactoryBean : Initialized JPA EntityManagerFactory for persistence unit 'default'
2025-06-12T13:37:45.988+08:00  INFO 2504 --- [clinic-registration] [main] o.s.d.j.r.query.QueryEnhancerFactory     : Hibernate is in classpath; If applicable, HQL parser will be used.
2025-06-12T13:37:46.269+08:00  WARN 2504 --- [clinic-registration] [main] .s.s.UserDetailsServiceAutoConfiguration : 

Using generated security password: 542d698b-0443-47f0-8e5f-161d032cf258

This generated password is for development use only. Your security configuration must be updated before running your application in production.

2025-06-12T13:37:46.281+08:00  INFO 2504 --- [clinic-registration] [main] r$InitializeUserDetailsManagerConfigurer : Global AuthenticationManager configured with UserDetailsService bean with name inMemoryUserDetailsManager
2025-06-12T13:37:46.320+08:00  INFO 2504 --- [clinic-registration] [main] o.s.b.a.w.s.WelcomePageHandlerMapping    : Adding welcome page: class path resource [static/index.html]
2025-06-12T13:37:46.536+08:00  INFO 2504 --- [clinic-registration] [main] o.s.b.w.embedded.tomcat.TomcatWebServer  : Tomcat started on port 8080 (http) with context path '/'
2025-06-12T13:37:46.540+08:00  INFO 2504 --- [clinic-registration] [main] c.e.c.ClinicRegistrationApplication      : Started ClinicRegistrationApplication in 2.58 seconds (process running for 2.878)
2025-06-12T13:37:48.878+08:00  INFO 2504 --- [clinic-registration] [http-nio-8080-exec-1] o.a.c.c.C.[Tomcat].[localhost].[/]       : Initializing Spring DispatcherServlet 'dispatcherServlet'
2025-06-12T13:37:48.878+08:00  INFO 2504 --- [clinic-registration] [http-nio-8080-exec-1] o.s.web.servlet.DispatcherServlet        : Initializing Servlet 'dispatcherServlet'
2025-06-12T13:37:48.879+08:00  INFO 2504 --- [clinic-registration] [http-nio-8080-exec-1] o.s.web.servlet.DispatcherServlet        : Completed initialization in 1 ms
2025-06-12T13:53:44.128+08:00  INFO 2504 --- [clinic-registration] [RMI TCP Connection(25)-127.0.0.1] inMXBeanRegistrar$SpringApplicationAdmin : Application shutdown requested.
2025-06-12T13:53:44.129+08:00  INFO 2504 --- [clinic-registration] [RMI TCP Connection(25)-127.0.0.1] o.s.b.w.e.tomcat.GracefulShutdown        : Commencing graceful shutdown. Waiting for active requests to complete
2025-06-12T13:53:44.132+08:00  INFO 2504 --- [clinic-registration] [tomcat-shutdown] o.s.b.w.e.tomcat.GracefulShutdown        : Graceful shutdown complete
2025-06-12T13:53:44.135+08:00  INFO 2504 --- [clinic-registration] [RMI TCP Connection(25)-127.0.0.1] j.LocalContainerEntityManagerFactoryBean : Closing JPA EntityManagerFactory for persistence unit 'default'
2025-06-12T13:53:44.136+08:00  INFO 2504 --- [clinic-registration] [RMI TCP Connection(25)-127.0.0.1] com.zaxxer.hikari.HikariDataSource       : HikariPool-1 - Shutdown initiated...
2025-06-12T13:53:44.139+08:00  INFO 2504 --- [clinic-registration] [RMI TCP Connection(25)-127.0.0.1] com.zaxxer.hikari.HikariDataSource       : HikariPool-1 - Shutdown completed.
